PhantomJS is launching GhostDriver...
[INFO  - 2016-01-01T13:05:04.798Z] GhostDriver - Main - running on port 62811
[INFO  - 2016-01-01T13:05:04.917Z] Session [467a2900-b088-11e5-b36f-0f6aae01f426] - page.settings - {"XSSAuditingEnabled":false,"javascriptCanCloseWindows":true,"javascriptCanOpenWindows":true,"javascriptEnabled":true,"loadImages":true,"localToRemoteUrlAccessEnabled":false,"userAgent":"Mozilla/5.0 (Macintosh; Intel Mac OS X) AppleWebKit/534.34 (KHTML, like Gecko) PhantomJS/1.9.8 Safari/534.34","webSecurityEnabled":true}
[INFO  - 2016-01-01T13:05:04.917Z] Session [467a2900-b088-11e5-b36f-0f6aae01f426] - page.customHeaders:  - {}
[INFO  - 2016-01-01T13:05:04.917Z] Session [467a2900-b088-11e5-b36f-0f6aae01f426] - Session.negotiatedCapabilities - {"browserName":"phantomjs","version":"1.9.8","driverName":"ghostdriver","driverVersion":"1.1.0","platform":"mac-10.10 (Yosemite)-32bit","javascriptEnabled":true,"takesScreenshot":true,"handlesAlerts":false,"databaseEnabled":false,"locationContextEnabled":false,"applicationCacheEnabled":false,"browserConnectionEnabled":false,"cssSelectorsEnabled":true,"webStorageEnabled":false,"rotatable":false,"acceptSslCerts":false,"nativeEvents":true,"proxy":{"proxyType":"direct"}}
[INFO  - 2016-01-01T13:05:04.917Z] SessionManagerReqHand - _postNewSessionCommand - New Session Created: 467a2900-b088-11e5-b36f-0f6aae01f426
[ERROR - 2016-01-01T13:05:05.365Z] Session [467a2900-b088-11e5-b36f-0f6aae01f426] - page.onError - msg: ReferenceError: Can't find variable: jQuery
[ERROR - 2016-01-01T13:05:05.365Z] Session [467a2900-b088-11e5-b36f-0f6aae01f426] - page.onError - stack:
  (anonymous function) (http://www.rotoworld.com/zlibs/jquery.hoverIntent.minified.js:8)
[ERROR - 2016-01-01T13:05:05.374Z] Session [467a2900-b088-11e5-b36f-0f6aae01f426] - page.onError - msg: ReferenceError: Can't find variable: $
[ERROR - 2016-01-01T13:05:05.374Z] Session [467a2900-b088-11e5-b36f-0f6aae01f426] - page.onError - stack:
  (anonymous function) (http://www.rotoworld.com/zlibs/flyoutnav_v09042013.js:58)
[ERROR - 2016-01-01T13:05:05.376Z] Session [467a2900-b088-11e5-b36f-0f6aae01f426] - page.onError - msg: ReferenceError: Can't find variable: jQuery
[ERROR - 2016-01-01T13:05:05.376Z] Session [467a2900-b088-11e5-b36f-0f6aae01f426] - page.onError - stack:
  (anonymous function) (http://www.rotoworld.com/zlibs/jcarousellite_1.0.1.js:341)
[ERROR - 2016-01-01T13:05:05.376Z] Session [467a2900-b088-11e5-b36f-0f6aae01f426] - page.onError - msg: ReferenceError: Can't find variable: jQuery
[ERROR - 2016-01-01T13:05:05.376Z] Session [467a2900-b088-11e5-b36f-0f6aae01f426] - page.onError - stack:
  (anonymous function) (http://www.rotoworld.com/zlibs/jquery.easing.1.3.js:39)
[ERROR - 2016-01-01T13:05:05.731Z] Session [467a2900-b088-11e5-b36f-0f6aae01f426] - page.onError - msg: ReferenceError: Can't find variable: $
[ERROR - 2016-01-01T13:05:05.731Z] Session [467a2900-b088-11e5-b36f-0f6aae01f426] - page.onError - stack:
  (anonymous function) (http://www.rotoworld.com/playernews/nba/basketball-player-news:98)
[ERROR - 2016-01-01T13:05:05.734Z] Session [467a2900-b088-11e5-b36f-0f6aae01f426] - page.onError - msg: ReferenceError: Can't find variable: $
[ERROR - 2016-01-01T13:05:05.734Z] Session [467a2900-b088-11e5-b36f-0f6aae01f426] - page.onError - stack:
  (anonymous function) (http://www.rotoworld.com/playernews/nba/basketball-player-news:203)
[ERROR - 2016-01-01T13:05:05.871Z] Session [467a2900-b088-11e5-b36f-0f6aae01f426] - page.onError - msg: ReferenceError: Can't find variable: $
[ERROR - 2016-01-01T13:05:05.871Z] Session [467a2900-b088-11e5-b36f-0f6aae01f426] - page.onError - stack:
  (anonymous function) (http://www.rotoworld.com/playernews/nba/basketball-player-news:1137)
[ERROR - 2016-01-01T13:05:05.871Z] Session [467a2900-b088-11e5-b36f-0f6aae01f426] - page.onError - msg: ReferenceError: Can't find variable: $
[ERROR - 2016-01-01T13:05:05.871Z] Session [467a2900-b088-11e5-b36f-0f6aae01f426] - page.onError - stack:
  (anonymous function) (http://www.rotoworld.com/playernews/nba/basketball-player-news:1149)
[ERROR - 2016-01-01T13:05:05.871Z] Session [467a2900-b088-11e5-b36f-0f6aae01f426] - page.onError - msg: ReferenceError: Can't find variable: $
[ERROR - 2016-01-01T13:05:05.871Z] Session [467a2900-b088-11e5-b36f-0f6aae01f426] - page.onError - stack:
  (anonymous function) (http://www.rotoworld.com/playernews/nba/basketball-player-news:1161)
[ERROR - 2016-01-01T13:05:05.872Z] Session [467a2900-b088-11e5-b36f-0f6aae01f426] - page.onError - msg: ReferenceError: Can't find variable: $
[ERROR - 2016-01-01T13:05:05.872Z] Session [467a2900-b088-11e5-b36f-0f6aae01f426] - page.onError - stack:
  (anonymous function) (http://www.rotoworld.com/playernews/nba/basketball-player-news:1176)
[ERROR - 2016-01-01T13:05:05.878Z] Session [467a2900-b088-11e5-b36f-0f6aae01f426] - page.onError - msg: ReferenceError: Can't find variable: $
[ERROR - 2016-01-01T13:05:05.878Z] Session [467a2900-b088-11e5-b36f-0f6aae01f426] - page.onError - stack:
  (anonymous function) (http://www.rotoworld.com/playernews/nba/basketball-player-news:1248)
[ERROR - 2016-01-01T13:05:05.910Z] Session [467a2900-b088-11e5-b36f-0f6aae01f426] - page.onError - msg: ReferenceError: Can't find variable: $
[ERROR - 2016-01-01T13:05:05.910Z] Session [467a2900-b088-11e5-b36f-0f6aae01f426] - page.onError - stack:
  (anonymous function) (http://www.rotoworld.com/playernews/nba/basketball-player-news:2099)
[ERROR - 2016-01-01T13:05:05.935Z] Session [467a2900-b088-11e5-b36f-0f6aae01f426] - page.onError - msg: ReferenceError: Can't find variable: $
[ERROR - 2016-01-01T13:05:05.935Z] Session [467a2900-b088-11e5-b36f-0f6aae01f426] - page.onError - stack:
  (anonymous function) (http://www.rotoworld.com/playernews/nba/basketball-player-news:2364)
[ERROR - 2016-01-01T13:05:05.939Z] Session [467a2900-b088-11e5-b36f-0f6aae01f426] - page.onError - msg: TypeError: 'undefined' is not an object (evaluating 'window.$.client = { os : BrowserDetect.OS, browser : BrowserDetect.browser }')
[ERROR - 2016-01-01T13:05:05.939Z] Session [467a2900-b088-11e5-b36f-0f6aae01f426] - page.onError - stack:
  (anonymous function) (http://scores.nbcsports.msnbc.com/ticker/scripts/jquery.client.js:121)
  (anonymous function) (http://scores.nbcsports.msnbc.com/ticker/scripts/jquery.client.js:123)
[ERROR - 2016-01-01T13:05:05.940Z] Session [467a2900-b088-11e5-b36f-0f6aae01f426] - page.onError - msg: ReferenceError: Can't find variable: $
[ERROR - 2016-01-01T13:05:05.940Z] Session [467a2900-b088-11e5-b36f-0f6aae01f426] - page.onError - stack:
  (anonymous function) (http://www.rotoworld.com/scoreboard-jquery-nbc/ticker.html?width=715&sports=nfl|nba|nhl|cfb|epl|golf|cbk:30)
